Running: C:\Xilinx\14.7\ISE_DS\ISE\bin\nt64\unwrapped\fuse.exe -intstyle ise -incremental -lib secureip -o C:/Users/BO-YU TSENG/Documents/FPGA/Xilinx/ATLYS/Prj/processors/PC_Inst_M/Data_MEM_testbench_isim_beh.exe -prj C:/Users/BO-YU TSENG/Documents/FPGA/Xilinx/ATLYS/Prj/processors/PC_Inst_M/Data_MEM_testbench_beh.prj work.Data_MEM_testbench 
ISim P.20131013 (signature 0x7708f090)
Number of CPUs detected in this system: 4
Turning on mult-threading, number of parallel sub-compilation jobs: 8 
Determining compilation order of HDL files
Parsing VHDL file "C:/Users/BO-YU TSENG/Documents/FPGA/Xilinx/ATLYS/Prj/processors/PC_Inst_M/Data_MEM.vhd" into library work
Parsing VHDL file "C:/Users/BO-YU TSENG/Documents/FPGA/Xilinx/ATLYS/Prj/processors/PC_Inst_M/Data_MEM_testbench.vhd" into library work
Starting static elaboration
Completed static elaboration
Compiling package standard
Compiling package std_logic_1164
Compiling package std_logic_arith
Compiling package std_logic_unsigned
Compiling architecture behavioral of entity Data_MEM [data_mem_default]
Compiling architecture behavior of entity data_mem_testbench
Time Resolution for simulation is 1ps.
Waiting for 1 sub-compilation(s) to finish...
WARNING:Simulator - Unable to copy libPortabilityNOSH.dll to the simulation executable directory: boost::filesystem::copy_file: The system cannot find the path specified, "isim\Data_MEM_testbench_isim_beh.exe.sim\libPortability.dll".
Compiled 7 VHDL Units
Built simulation executable C:/Users/BO-YU TSENG/Documents/FPGA/Xilinx/ATLYS/Prj/processors/PC_Inst_M/Data_MEM_testbench_isim_beh.exe
Fuse Memory Usage: 33812 KB
Fuse CPU Usage: 561 ms
